<?xml version="1.0" encoding="UTF-8"?>
<!-- Generated by org.testng.reporters.JUnitXMLReporter -->
<testsuite hostname="Bob" name="Default test" tests="2" failures="0" timestamp="20 Dec 2017 12:11:43 GMT" time="21.336" errors="0">
  <testcase name="CreateUser" time="4.355" classname="com.excers.selenium.phpcollab.tests.TestProjectCreationPageFactory"/>
  <testcase name="CreateProject" time="6.723" classname="com.excers.selenium.phpcollab.tests.TestProjectCreationPageFactory"/>
</testsuite> <!-- Default test -->
