<?xml version="1.0" encoding="UTF-8"?>
<!-- Generated by org.testng.reporters.JUnitXMLReporter -->
<testsuite hostname="Bob" name="Test" tests="3" failures="0" timestamp="19 Dec 2017 22:46:30 GMT" time="34.296" errors="0">
  <testcase name="CreateUser" time="6.083" classname="com.excers.selenium.phpcollab.tests.TestProjectCreation"/>
  <testcase name="CreateProject" time="5.943" classname="com.excers.selenium.phpcollab.tests.TestProjectCreation"/>
  <testcase name="CreateUser" time="4.235" classname="com.excers.selenium.phpcollab.tests.TestUserCreation"/>
</testsuite> <!-- Test -->
