<?xml version="1.0" encoding="UTF-8"?>
<!-- Generated by org.testng.reporters.JUnitXMLReporter -->
<testsuite hostname="Bob" name="Test" tests="3" failures="0" timestamp="21 Dec 2017 19:04:17 GMT" time="119.763" errors="0">
  <testcase name="CreateUser" time="5.91" classname="com.excers.selenium.phpcollab.tests.TestProjectCreation"/>
  <testcase name="CreateProject" time="6.11" classname="com.excers.selenium.phpcollab.tests.TestProjectCreation"/>
  <testcase name="CreateUser" time="4.244" classname="com.excers.selenium.phpcollab.tests.TestUserCreation"/>
</testsuite> <!-- Test -->
