<?xml version="1.0" encoding="UTF-8"?>
<testng-results skipped="0" failed="0" total="2" passed="2">
  <reporter-output>
  </reporter-output>
  <suite name="Default suite" duration-ms="21336" started-at="2017-12-20T12:11:22Z" finished-at="2017-12-20T12:11:43Z">
    <groups>
    </groups>
    <test name="Default test" duration-ms="21336" started-at="2017-12-20T12:11:22Z" finished-at="2017-12-20T12:11:43Z">
      <class name="com.excers.selenium.phpcollab.tests.TestProjectCreationPageFactory">
        <test-method status="PASS" signature="beforeTest()[pri:0, instance:com.excers.selenium.phpcollab.tests.TestProjectCreationPageFactory@55f3ddb1]" name="beforeTest" is-config="true" duration-ms="8900" started-at="2017-12-20T17:41:22Z" finished-at="2017-12-20T17:41:31Z">
          <reporter-output>
          </reporter-output>
        </test-method> <!-- beforeTest -->
        <test-method status="PASS" signature="beforeMethod(java.lang.reflect.Method)[pri:0, instance:com.excers.selenium.phpcollab.tests.TestProjectCreationPageFactory@55f3ddb1]" name="beforeMethod" is-config="true" duration-ms="4" started-at="2017-12-20T17:41:31Z" finished-at="2017-12-20T17:41:31Z">
          <params>
            <param index="0">
              <value>
                <![CDATA[public void com.excers.selenium.phpcollab.tests.TestProjectCreationPageFactory.CreateUser() throws java.io.IOException,java.lang.InterruptedException]]>
              </value>
            </param>
          </params>
          <reporter-output>
          </reporter-output>
        </test-method> <!-- beforeMethod -->
        <test-method status="PASS" signature="CreateUser()[pri:0, instance:com.excers.selenium.phpcollab.tests.TestProjectCreationPageFactory@55f3ddb1]" name="CreateUser" duration-ms="4355" started-at="2017-12-20T17:41:31Z" finished-at="2017-12-20T17:41:35Z">
          <reporter-output>
          </reporter-output>
        </test-method> <!-- CreateUser -->
        <test-method status="PASS" signature="getResult(org.testng.ITestResult)[pri:0, instance:com.excers.selenium.phpcollab.tests.TestProjectCreationPageFactory@55f3ddb1]" name="getResult" is-config="true" duration-ms="0" started-at="2017-12-20T17:41:35Z" finished-at="2017-12-20T17:41:35Z">
          <params>
            <param index="0">
              <value>
                <![CDATA[[TestResult name=CreateUser status=SUCCESS method=TestProjectCreationPageFactory.CreateUser()[pri:0, instance:com.excers.selenium.phpcollab.tests.TestProjectCreationPageFactory@55f3ddb1] output={null}]]]>
              </value>
            </param>
          </params>
          <reporter-output>
          </reporter-output>
        </test-method> <!-- getResult -->
        <test-method status="PASS" signature="beforeMethod(java.lang.reflect.Method)[pri:0, instance:com.excers.selenium.phpcollab.tests.TestProjectCreationPageFactory@55f3ddb1]" name="beforeMethod" is-config="true" duration-ms="0" started-at="2017-12-20T17:41:35Z" finished-at="2017-12-20T17:41:35Z">
          <params>
            <param index="0">
              <value>
                <![CDATA[public void com.excers.selenium.phpcollab.tests.TestProjectCreationPageFactory.CreateProject() throws java.io.IOException,java.lang.InterruptedException]]>
              </value>
            </param>
          </params>
          <reporter-output>
          </reporter-output>
        </test-method> <!-- beforeMethod -->
        <test-method status="PASS" signature="CreateProject()[pri:0, instance:com.excers.selenium.phpcollab.tests.TestProjectCreationPageFactory@55f3ddb1]" name="CreateProject" duration-ms="6723" started-at="2017-12-20T17:41:35Z" depends-on-methods="com.excers.selenium.phpcollab.tests.TestProjectCreationPageFactory.CreateUser" finished-at="2017-12-20T17:41:42Z">
          <reporter-output>
          </reporter-output>
        </test-method> <!-- CreateProject -->
        <test-method status="PASS" signature="getResult(org.testng.ITestResult)[pri:0, instance:com.excers.selenium.phpcollab.tests.TestProjectCreationPageFactory@55f3ddb1]" name="getResult" is-config="true" duration-ms="0" started-at="2017-12-20T17:41:42Z" finished-at="2017-12-20T17:41:42Z">
          <params>
            <param index="0">
              <value>
                <![CDATA[[TestResult name=CreateProject status=SUCCESS method=TestProjectCreationPageFactory.CreateProject()[pri:0, instance:com.excers.selenium.phpcollab.tests.TestProjectCreationPageFactory@55f3ddb1] output={null}]]]>
              </value>
            </param>
          </params>
          <reporter-output>
          </reporter-output>
        </test-method> <!-- getResult -->
        <test-method status="PASS" signature="afterTest()[pri:0, instance:com.excers.selenium.phpcollab.tests.TestProjectCreationPageFactory@55f3ddb1]" name="afterTest" is-config="true" duration-ms="1314" started-at="2017-12-20T17:41:42Z" finished-at="2017-12-20T17:41:43Z">
          <reporter-output>
          </reporter-output>
        </test-method> <!-- afterTest -->
      </class> <!-- com.excers.selenium.phpcollab.tests.TestProjectCreationPageFactory -->
    </test> <!-- Default test -->
  </suite> <!-- Default suite -->
</testng-results>
